STEP to UG
! INFO-     NX STEP AP214 - V2206.4020
! INFO-      
! INFO-     Start of Translation: 8-OCT-2024  10:20:58 AM
! INFO-      
! STATUS-   Converting Part: C:\Users\yanni\OneDrive\03_Studium\Master\Semester 5\02_Thesis\04_Umsetzung\03_Arbeistpaket_3\02_Konstruktion\04_Normteile\02_Montage-Winkel\MontageWinkel_GN 970-ALM-30-30-30-B.stp
! SUMMARY-   
! SUMMARY-    STEP Header Information
! SUMMARY-   
! SUMMARY-  Description      STEP AP214
! SUMMARY-  Imp_Level        2;1
! SUMMARY-  File_Name        Installation bracket GN 970-ALM-30-30-30-B
! SUMMARY-  Date             2024-09-18T13:59:14+02:00
! SUMMARY-  Author           License CC BY-ND 4.0
! SUMMARY-  Organization     CADENAS
! SUMMARY-  Pre_Version      ST-DEVELOPER v19.3
! SUMMARY-  Orig_System      PARTsolutions
! SUMMARY-  Authorization      
! SUMMARY-  Schema_ID        automotive_design
! SUMMARY-   
! SUMMARY-    Summary of STEP Entities
! SUMMARY-   
! SUMMARY-  Entity Type                                                   Count
! SUMMARY-  -----------                                                   ------
! SUMMARY-  advanced_face ..............................................:     11
! SUMMARY-  application_context ........................................:      1
! SUMMARY-  axis2_placement_3d .........................................:     18
! SUMMARY-  cartesian_point ............................................:     55
! SUMMARY-  circle .....................................................:      6
! SUMMARY-  closed_shell ...............................................:      1
! SUMMARY-  cylindrical_surface ........................................:      3
! SUMMARY-  direction ..................................................:     55
! SUMMARY-  edge_curve .................................................:     25
! SUMMARY-  edge_loop ..................................................:     17
! SUMMARY-  face_bound .................................................:     17
! SUMMARY-  geometric_representation_context_and_global_uncertainty_a ..:      1
! SUMMARY-  length_unit_and_si_unit ....................................:      1
! SUMMARY-  line .......................................................:     19
! SUMMARY-  manifold_solid_brep ........................................:      1
! SUMMARY-  oriented_edge ..............................................:     50
! SUMMARY-  plane ......................................................:      8
! SUMMARY-  plane_angle_unit_and_si_unit ...............................:      1
! SUMMARY-  product ....................................................:      1
! SUMMARY-  product_context ............................................:      1
! SUMMARY-  product_definition .........................................:      1
! SUMMARY-  product_definition_context .................................:      1
! SUMMARY-  product_definition_formation_with_specified_source .........:      1
! SUMMARY-  product_definition_shape ...................................:      1
! SUMMARY-  product_related_product_category ...........................:      1
! SUMMARY-  si_unit_and_solid_angle_unit ...............................:      1
! SUMMARY-  uncertainty_measure_with_unit ..............................:      1
! SUMMARY-  vector .....................................................:     19
! SUMMARY-  vertex_point ...............................................:     18
! SUMMARY-                                                               -------
! SUMMARY-  Total                                                            336
! STATUS-    
! STATUS-   Converting to Output Form (Phase 2 of 3): 8-OCT-2024 10:20:58 AM
! STATUS-    
! STATUS-    
! STATUS-   Generating UG geometry and placing them in parts
! STATUS-    
! STATUS-   Creating the UG part (Phase 3 of 3): 8-OCT-2024  10:20:58 AM
! INFO-     Filing Part ..: C:\Users\yanni\OneDrive\03_Studium\Master\Semester 5\02_Thesis\04_Umsetzung\03_Arbeistpaket_3\02_Konstruktion\04_Normteile\02_Montage-Winkel\MontageWinkel_GN 970-ALM-30-30-30-B_stp.prt
! SUMMARY-   
! SUMMARY-  Summary of Unigraphics Part Entities
! SUMMARY-   
! SUMMARY-  Entities Processed             Count
! SUMMARY-  ------------------             -----
! SUMMARY-  Solid .......................:     1
! SUMMARY-                                 -----
! SUMMARY-  Total                              1
! INFO-      
! INFO-     Total number of solids input for this translation       :         1
! INFO-      
! INFO-     Number of solids created without body validation faults :         1
! INFO-      
! INFO-     Number of solids created with body validation fault(s)  :         0
! INFO-      
! INFO-     Number of solids ending up as sheet bodies              :         0
! INFO-      
! INFO-     End of Translation: 8-OCT-2024  10:20:59 AM
! INFO-      
