STEP to UG
! INFO-     NX STEP AP203 - V2206.4020
! INFO-      
! INFO-     Start of Translation: 18-NOV-2024  6:41:09 PM
! INFO-      
! STATUS-   Converting Part: C:\Users\yanni\OneDrive\03_Studium\Master\Semester 5\02_Thesis\04_Umsetzung\03_Arbeistpaket_3\02_Konstruktion\04_Normteile\10_Beckhoff\KL9010.stp
! SUMMARY-   
! SUMMARY-    STEP Header Information
! SUMMARY-   
! SUMMARY-  Description      Busterminal 12 mm 8 pin 
! SUMMARY-  Imp_Level        2;1
! SUMMARY-  File_Name        E:\busterminal_12mm_8_pin.stp
! SUMMARY-  Date             2021-01-19T13:05:34+01:00
! SUMMARY-  Author           ChristianPap
! SUMMARY-  Organization     Unknown
! SUMMARY-  Pre_Version      ST-DEVELOPER v18.1
! SUMMARY-  Orig_System      Autodesk Inventor 2020
! SUMMARY-  Authorization    Unknown
! SUMMARY-  Schema_ID        config_control_design
! SUMMARY-   
! SUMMARY-    Summary of STEP Entities
! SUMMARY-   
! SUMMARY-  Entity Type                                                   Count
! SUMMARY-  -----------                                                   ------
! SUMMARY-  advanced_face ..............................................:    224
! SUMMARY-  application_context ........................................:      1
! SUMMARY-  axis2_placement_3d .........................................:    396
! SUMMARY-  b_spline_curve_with_knots ..................................:     24
! SUMMARY-  b_spline_curve_with_knots_and_rational_b_spline_curve ......:     10
! SUMMARY-  brep_with_voids ............................................:      1
! SUMMARY-  cartesian_point ............................................:   1402
! SUMMARY-  circle .....................................................:    171
! SUMMARY-  closed_shell ...............................................:      2
! SUMMARY-  conical_surface ............................................:     20
! SUMMARY-  cylindrical_surface ........................................:     59
! SUMMARY-  direction ..................................................:   1203
! SUMMARY-  edge_curve .................................................:    616
! SUMMARY-  edge_loop ..................................................:    241
! SUMMARY-  face_bound .................................................:     17
! SUMMARY-  face_outer_bound ...........................................:    224
! SUMMARY-  geometric_representation_context_and_global_uncertainty_a ..:      2
! SUMMARY-  length_unit_and_si_unit ....................................:      1
! SUMMARY-  line .......................................................:    411
! SUMMARY-  oriented_closed_shell ......................................:      1
! SUMMARY-  oriented_edge ..............................................:   1232
! SUMMARY-  plane ......................................................:    141
! SUMMARY-  plane_angle_unit_and_si_unit ...............................:      1
! SUMMARY-  product ....................................................:      1
! SUMMARY-  product_context ............................................:      1
! SUMMARY-  product_definition .........................................:      1
! SUMMARY-  product_definition_context .................................:      1
! SUMMARY-  product_definition_formation ...............................:      1
! SUMMARY-  product_definition_shape ...................................:      1
! SUMMARY-  product_related_product_category ...........................:      1
! SUMMARY-  si_unit_and_solid_angle_unit ...............................:      1
! SUMMARY-  spherical_surface ..........................................:      4
! SUMMARY-  uncertainty_measure_with_unit ..............................:      2
! SUMMARY-  vector .....................................................:    411
! SUMMARY-  vertex_point ...............................................:    413
! SUMMARY-                                                               -------
! SUMMARY-  Total                                                           7238
! STATUS-    
! STATUS-   Converting to Output Form (Phase 2 of 3): 18-NOV-2024 6:41:09 PM
! STATUS-    
! STATUS-    
! STATUS-   Generating UG geometry and placing them in parts
! STATUS-    
! STATUS-   Creating the UG part (Phase 3 of 3): 18-NOV-2024  6:41:09 PM
! INFO-     Filing Part ..: C:\Users\yanni\OneDrive\03_Studium\Master\Semester 5\02_Thesis\04_Umsetzung\03_Arbeistpaket_3\02_Konstruktion\04_Normteile\10_Beckhoff\KL9010_stp.prt
! SUMMARY-   
! SUMMARY-  Summary of Unigraphics Part Entities
! SUMMARY-   
! SUMMARY-  Entities Processed             Count
! SUMMARY-  ------------------             -----
! SUMMARY-  Solid .......................:     1
! SUMMARY-                                 -----
! SUMMARY-  Total                              1
! INFO-      
! INFO-     Total number of solids input for this translation       :         1
! INFO-      
! INFO-     Number of solids created without body validation faults :         1
! INFO-      
! INFO-     Number of solids created with body validation fault(s)  :         0
! INFO-      
! INFO-     Number of solids ending up as sheet bodies              :         0
! INFO-      
! INFO-     End of Translation: 18-NOV-2024  6:41:09 PM
! INFO-      
