STEP to UG
! INFO-     NX STEP AP214 - V2206.4020
! INFO-      
! INFO-     Start of Translation: 18-NOV-2024  6:43:39 PM
! INFO-      
! STATUS-   Converting Part: C:\Users\yanni\OneDrive\03_Studium\Master\Semester 5\02_Thesis\04_Umsetzung\03_Arbeistpaket_3\02_Konstruktion\04_Normteile\11_Adapter\DIN-Schienen Halterung (TSK-35-2).stp
! SUMMARY-   
! SUMMARY-    STEP Header Information
! SUMMARY-   
! SUMMARY-  Description      Unknown
! SUMMARY-  Imp_Level        2;1
! SUMMARY-  File_Name        F:\User\Daten\Internet-3D-Daten\BOCARD\BCD Zubehör\20035000_TSH 35-2.stp
! SUMMARY-  Date             2010-01-15T12:47:44
! SUMMARY-  Author           haertel
! SUMMARY-  Organization     Unknown
! SUMMARY-  Pre_Version      Autodesk Inventor 2010
! SUMMARY-  Orig_System      Autodesk Inventor 2010
! SUMMARY-  Authorization    Unknown
! SUMMARY-  Schema_ID        automotive_design
! SUMMARY-   
! SUMMARY-    Summary of STEP Entities
! SUMMARY-   
! SUMMARY-  Entity Type                                                   Count
! SUMMARY-  -----------                                                   ------
! SUMMARY-  advanced_face ..............................................:    309
! SUMMARY-  application_context ........................................:      3
! SUMMARY-  axis2_placement_3d .........................................:    537
! SUMMARY-  b_spline_curve_with_knots ..................................:     78
! SUMMARY-  b_spline_surface_with_knots ................................:     30
! SUMMARY-  b_spline_surface_with_knots_and_rational_b_spline_surface ..:     47
! SUMMARY-  cartesian_point ............................................:   6761
! SUMMARY-  circle .....................................................:    230
! SUMMARY-  closed_shell ...............................................:      2
! SUMMARY-  conical_surface ............................................:     19
! SUMMARY-  context_dependent_shape_representation .....................:      6
! SUMMARY-  conversion_based_unit_and_plane_angle_unit .................:      5
! SUMMARY-  cylindrical_surface ........................................:     83
! SUMMARY-  dimensional_exponents ......................................:      5
! SUMMARY-  direction ..................................................:   1433
! SUMMARY-  edge_curve .................................................:    733
! SUMMARY-  edge_loop ..................................................:    346
! SUMMARY-  ellipse ....................................................:     66
! SUMMARY-  face_bound .................................................:     37
! SUMMARY-  face_outer_bound ...........................................:    309
! SUMMARY-  geometric_representation_context_and_global_uncertainty_a ..:      5
! SUMMARY-  item_defined_transformation ................................:      6
! SUMMARY-  length_unit_and_si_unit ....................................:      5
! SUMMARY-  line .......................................................:    359
! SUMMARY-  manifold_solid_brep ........................................:      2
! SUMMARY-  next_assembly_usage_occurrence .............................:      6
! SUMMARY-  oriented_edge ..............................................:   1466
! SUMMARY-  plane ......................................................:    110
! SUMMARY-  plane_angle_measure_with_unit ..............................:      5
! SUMMARY-  plane_angle_unit_and_si_unit ...............................:      5
! SUMMARY-  product ....................................................:      3
! SUMMARY-  product_context ............................................:      3
! SUMMARY-  product_definition .........................................:      3
! SUMMARY-  product_definition_context .................................:      3
! SUMMARY-  product_definition_formation ...............................:      3
! SUMMARY-  product_definition_shape ...................................:      9
! SUMMARY-  product_related_product_category ...........................:      3
! SUMMARY-  representation_relationship_with_transformation_and_shape ..:      6
! SUMMARY-  shape_representation .......................................:      3
! SUMMARY-  si_unit_and_solid_angle_unit ...............................:      5
! SUMMARY-  toroidal_surface ...........................................:     20
! SUMMARY-  uncertainty_measure_with_unit ..............................:      5
! SUMMARY-  vector .....................................................:    359
! SUMMARY-  vertex_point ...............................................:    455
! SUMMARY-                                                               -------
! SUMMARY-  Total                                                          13888
! STATUS-    
! STATUS-   Converting to Output Form (Phase 2 of 3): 18-NOV-2024 6:43:39 PM
! STATUS-    
! STATUS-    
! STATUS-   Generating UG geometry and placing them in parts
! STATUS-    
! STATUS-   Creating the UG part (Phase 3 of 3): 18-NOV-2024  6:43:40 PM
! INFO-     Filing Part ..: C:\Users\yanni\OneDrive\03_Studium\Master\Semester 5\02_Thesis\04_Umsetzung\03_Arbeistpaket_3\02_Konstruktion\04_Normteile\11_Adapter\SHR Z KA30x8 WN 1412 mG_3Dsym
! SUMMARY-   
! SUMMARY-  Summary of Unigraphics Part Entities
! SUMMARY-   
! SUMMARY-  Entities Processed             Count
! SUMMARY-  ------------------             -----
! SUMMARY-  Solid .......................:     1
! SUMMARY-                                 -----
! SUMMARY-  Total                              1
! STATUS-   Creating the UG part (Phase 3 of 3): 18-NOV-2024  6:43:40 PM
! INFO-     Filing Part ..: C:\Users\yanni\OneDrive\03_Studium\Master\Semester 5\02_Thesis\04_Umsetzung\03_Arbeistpaket_3\02_Konstruktion\04_Normteile\11_Adapter\PART1
! SUMMARY-   
! SUMMARY-  Summary of Unigraphics Part Entities
! SUMMARY-   
! SUMMARY-  Entities Processed             Count
! SUMMARY-  ------------------             -----
! SUMMARY-  Solid .......................:     1
! SUMMARY-                                 -----
! SUMMARY-  Total                              1
! STATUS-   Creating the UG part (Phase 3 of 3): 18-NOV-2024  6:43:40 PM
! INFO-     Filing Part ..: C:\Users\yanni\OneDrive\03_Studium\Master\Semester 5\02_Thesis\04_Umsetzung\03_Arbeistpaket_3\02_Konstruktion\04_Normteile\11_Adapter\DIN-Schienen Halterung _TSK-35-2__stp.prt
! SUMMARY-   
! SUMMARY-  Summary of Unigraphics Part Entities
! SUMMARY-   
! SUMMARY-  Entities Processed             Count
! SUMMARY-  ------------------             -----
! SUMMARY-  Component ...................:     6
! SUMMARY-                                 -----
! SUMMARY-  Total                              6
! INFO-      
! INFO-     Total number of solids input for this translation       :         2
! INFO-      
! INFO-     Number of solids created without body validation faults :         2
! INFO-      
! INFO-     Number of solids created with body validation fault(s)  :         0
! INFO-      
! INFO-     Number of solids ending up as sheet bodies              :         0
! INFO-      
! INFO-     End of Translation: 18-NOV-2024  6:43:40 PM
! INFO-      
